\BOOKMARK [0][-]{chapter*.4}{Remerciements}{}% 1
\BOOKMARK [0][-]{chapter*.5}{Introduction}{}% 2
\BOOKMARK [0][-]{chapter.1}{Les distributions compos\351es et la th\351orie de la ruine}{}% 3
\BOOKMARK [1][-]{section.1.1}{Les distributions compos\351es en dimension 1}{chapter.1}% 4
\BOOKMARK [1][-]{section.1.2}{Les distributions compos\351es en dimension n}{chapter.1}% 5
\BOOKMARK [1][-]{section.1.3}{Th\351orie de la ruine: L'approximation de la probabilit\351 de ruine ultime dans le mod\350le de ruine de Poisson compos\351e}{chapter.1}% 6
\BOOKMARK [1][-]{section.1.4}{R\351f\351rences}{chapter.1}% 7
\BOOKMARK [0][-]{chapter.2}{Approximation de la densit\351 de probabilit\351 via une repr\351sentation polynomiale}{}% 8
\BOOKMARK [1][-]{section.2.1}{Les familles exponentielles naturelles quadratiques et leurs polyn\364mes orthogonaux}{chapter.2}% 9
\BOOKMARK [1][-]{section.2.2}{Repr\351sentation polynomiale de la densit\351 en dimension 1}{chapter.2}% 10
\BOOKMARK [1][-]{section.2.3}{Repr\351sentation polynomiale de la densit\351 en dimension n}{chapter.2}% 11
\BOOKMARK [1][-]{section.2.4}{Illustrations num\351riques: Application \340 la distribution Poisson compos\351e}{chapter.2}% 12
\BOOKMARK [1][-]{section.2.5}{Perspectives en statistique}{chapter.2}% 13
\BOOKMARK [1][-]{section.2.6}{R\351f\351rences}{chapter.2}% 14
\BOOKMARK [0][-]{chapter.3}{A polynomial expansion to approximate ruin probability in the compound Poisson ruin model}{}% 15
\BOOKMARK [1][-]{section.3.1}{Introduction}{chapter.3}% 16
\BOOKMARK [1][-]{section.3.2}{Polynomial expansions of a probability density function}{chapter.3}% 17
\BOOKMARK [1][-]{section.3.3}{Application to the ruin problem}{chapter.3}% 18
\BOOKMARK [1][-]{section.3.4}{Numerical illustrations}{chapter.3}% 19
\BOOKMARK [1][-]{section.3.5}{Conclusion}{chapter.3}% 20
\BOOKMARK [1][-]{section.3.6}{R\351f\351rences}{chapter.3}% 21
\BOOKMARK [0][-]{chapter.4}{Polynomial approximations for bivariate aggregate claims amount probability distributions}{}% 22
\BOOKMARK [1][-]{section.4.1}{Introduction}{chapter.4}% 23
\BOOKMARK [1][-]{section.4.2}{Expression of the joint density}{chapter.4}% 24
\BOOKMARK [1][-]{section.4.3}{Application to a bivariate aggregate claims amount distribution}{chapter.4}% 25
\BOOKMARK [1][-]{section.4.4}{Downton Bivariate Exponential distribution and Lancaster probabilities}{chapter.4}% 26
\BOOKMARK [1][-]{section.4.5}{Numerical illustrations}{chapter.4}% 27
\BOOKMARK [1][-]{section.4.6}{Conclusion}{chapter.4}% 28
\BOOKMARK [1][-]{section.4.7}{R\351f\351rences}{chapter.4}% 29
\BOOKMARK [0][-]{chapter.5}{Is it optimal to group policyholders by age, gender, and seniority for BEL computations based on model points?}{}% 30
\BOOKMARK [1][-]{section.5.1}{Introduction}{chapter.5}% 31
\BOOKMARK [1][-]{section.5.2}{Cash flows projection models and best estimate liabilities assessment}{chapter.5}% 32
\BOOKMARK [1][-]{section.5.3}{Presentation of the aggregation procedure}{chapter.5}% 33
\BOOKMARK [1][-]{section.5.4}{Illustration on a real life insurance portfolio}{chapter.5}% 34
\BOOKMARK [1][-]{section.5.5}{Conclusion}{chapter.5}% 35
\BOOKMARK [1][-]{section.5.6}{R\351f\351rences}{chapter.5}% 36
\BOOKMARK [0][-]{chapter*.82}{Conclusion}{}% 37
\BOOKMARK [0][-]{chapter*.83}{R\351sum\351}{}% 38
\BOOKMARK [0][-]{chapter*.84}{Abstract}{}% 39
